Source/Android/app/build/outputs/logs/manifest-merger-debug-report.txt
-- Merging decision tree log ---
manifest
ADDED from src\main\AndroidManifest.xml:2:1-265:12
INJECTED from src\main\AndroidManifest.xml:2:1-265:12
INJECTED from src\main\AndroidManifest.xml:2:1-265:12
INJECTED from src\main\AndroidManifest.xml:2:1-265:12
MERGED from [com.android.support:design:27.0.2] AndroidManifest.xml:17:1-22:12
MERGED from [com.cjj.materialrefeshlayout:library:1.3.0] AndroidManifest.xml:2:1-11:12
MERGED from [com.facebook.fresco:fresco:0.9.0] AndroidManifest.xml:2:1-9:12
MERGED from [com.facebook.fresco:drawee:0.9.0] AndroidManifest.xml:2:1-9:12
MERGED from [com.facebook.fresco:imagepipeline:0.9.0] AndroidManifest.xml:2:1-9:12
MERGED from [com.facebook.fresco:imagepipeline-base:0.9.0] AndroidManifest.xml:2:1-9:12
MERGED from [com.android.support:support-v4:27.0.2] AndroidManifest.xml:17:1-22:12
MERGED from [com.daimajia.slider:library:1.1.5] AndroidManifest.xml:2:1-14:12
MERGED from [com.android.support:recyclerview-v7:27.0.2] AndroidManifest.xml:17:1-22:12
MERGED from [com.android.support:cardview-v7:27.0.2] AndroidManifest.xml:17:1-22:12
MERGED from [com.github.d-max:spots-dialog:0.4] AndroidManifest.xml:2:1-14:12
MERGED from [org.xutils:xutils:3.5.0] AndroidManifest.xml:2:1-14:12
MERGED from [de.hdodenhof:circleimageview:2.0.0] AndroidManifest.xml:2:1-11:12
MERGED from [com.bigkoo:pickerview:2.0.8] AndroidManifest.xml:2:1-11:12
MERGED from [com.w4lle.library:NineLayout:1.0.0] AndroidManifest.xml:2:1-16:12
MERGED from [:smssdk] AndroidManifest.xml:2:1-14:12
MERGED from [:paysdk] AndroidManifest.xml:2:1-16:12
MERGED from [:baidupay] AndroidManifest.xml:2:1-16:12
MERGED from [com.android.support.constraint:constraint-layout:1.0.2] AndroidManifest.xml:2:1-11:12
MERGED from [com.android.support:appcompat-v7:27.0.2] AndroidManifest.xml:17:1-22:12
MERGED from [com.android.support:transition:27.0.2] AndroidManifest.xml:17:1-22:12
MERGED from [com.android.support:support-fragment:27.0.2] AndroidManifest.xml:17:1-22:12
MERGED from [com.android.support:animated-vector-drawable:27.0.2] AndroidManifest.xml:17:1-22:12
MERGED from [com.android.support:support-core-ui:27.0.2] AndroidManifest.xml:17:1-22:12
MERGED from [com.android.support:support-core-utils:27.0.2] AndroidManifest.xml:17:1-22:12
MERGED from [com.android.support:support-vector-drawable:27.0.2] AndroidManifest.xml:17:1-22:12
MERGED from [com.android.support:support-media-compat:27.0.2] AndroidManifest.xml:17:1-22:12
MERGED from [com.android.support:support-compat:27.0.2] AndroidManifest.xml:17:1-22:12
MERGED from [com.facebook.fresco:fbcore:0.9.0] AndroidManifest.xml:2:1-9:12
MERGED from [android.arch.lifecycle:runtime:1.0.3] AndroidManifest.xml:17:1-24:12
INJECTED from src\main\AndroidManifest.xml:2:1-265:12
INJECTED from src\main\AndroidManifest.xml:2:1-265:12
INJECTED from src\main\AndroidManifest.xml:2:1-265:12
	package
		ADDED from src\main\AndroidManifest.xml:3:5-24
		INJECTED from src\main\AndroidManifest.xml
		INJECTED from src\main\AndroidManifest.xml
	android:versionName
		INJECTED from src\main\AndroidManifest.xml
		ADDED from src\main\AndroidManifest.xml:2:1-265:12
		INJECTED from src\main\AndroidManifest.xml
	android:versionCode
		INJECTED from src\main\AndroidManifest.xml
		ADDED from src\main\AndroidManifest.xml:2:1-265:12
		INJECTED from src\main\AndroidManifest.xml
	xmlns:android
		ADDED from src\main\AndroidManifest.xml:2:11-69
uses-permission#android.permission.INTERNET
ADDED from src\main\AndroidManifest.xml:6:5-67
MERGED from [com.daimajia.slider:library:1.1.5] AndroidManifest.xml:11:5-67
MERGED from [com.daimajia.slider:library:1.1.5] AndroidManifest.xml:11:5-67
	android:name
		ADDED from src\main\AndroidManifest.xml:6:22-64
uses-permission#android.permission.READ_EXTERNAL_STORAGE
ADDED from src\main\AndroidManifest.xml:9:5-80
	android:name
		ADDED from src\main\AndroidManifest.xml:9:22-77
uses-permission#android.permission.GET_TASKS
ADDED from src\main\AndroidManifest.xml:10:5-68
	android:name
		ADDED from src\main\AndroidManifest.xml:10:22-65
uses-permission#android.permission.ACCESS_WIFI_STATE
ADDED from src\main\AndroidManifest.xml:11:5-76
	android:name
		ADDED from src\main\AndroidManifest.xml:11:22-73
uses-permission#android.permission.ACCESS_NETWORK_STATE
ADDED from src\main\AndroidManifest.xml:12:5-79
	android:name
		ADDED from src\main\AndroidManifest.xml:12:22-76
uses-permission#android.permission.CHANGE_WIFI_STATE
ADDED from src\main\AndroidManifest.xml:13:5-76
	android:name
		ADDED from src\main\AndroidManifest.xml:13:22-73
uses-permission#android.permission.WRITE_EXTERNAL_STORAGE
ADDED from src\main\AndroidManifest.xml:14:5-81
MERGED from [com.daimajia.slider:library:1.1.5] AndroidManifest.xml:12:5-81
MERGED from [com.daimajia.slider:library:1.1.5] AndroidManifest.xml:12:5-81
	android:name
		ADDED from src\main\AndroidManifest.xml:14:22-78
uses-permission#android.permission.READ_PHONE_STATE
ADDED from src\main\AndroidManifest.xml:15:5-75
	android:name
		ADDED from src\main\AndroidManifest.xml:15:22-72
uses-permission#android.permission.MANAGE_ACCOUNTS
ADDED from src\main\AndroidManifest.xml:16:5-74
	android:name
		ADDED from src\main\AndroidManifest.xml:16:22-71
uses-permission#android.permission.GET_ACCOUNTS
ADDED from src\main\AndroidManifest.xml:17:5-71
	android:name
		ADDED from src\main\AndroidManifest.xml:17:22-68
uses-permission#android.permission.BLUETOOTH
ADDED from src\main\AndroidManifest.xml:19:5-68
	android:name
		ADDED from src\main\AndroidManifest.xml:19:22-65
uses-permission#android.permission.BLUETOOTH_ADMIN
ADDED from src\main\AndroidManifest.xml:20:5-74
	android:name
		ADDED from src\main\AndroidManifest.xml:20:22-71
uses-permission#android.permission.ACCESS_COARSE_LOCATION
ADDED from src\main\AndroidManifest.xml:23:5-81
	android:name
		ADDED from src\main\AndroidManifest.xml:23:22-78
uses-permission#android.permission.WRITE_SETTINGS
ADDED from src\main\AndroidManifest.xml:24:5-73
	android:name
		ADDED from src\main\AndroidManifest.xml:24:22-70
uses-permission#android.permission.SEND_SMS
ADDED from src\main\AndroidManifest.xml:25:5-67
	android:name
		ADDED from src\main\AndroidManifest.xml:25:22-64
uses-permission#android.permission.SYSTEM_ALERT_WINDOW
ADDED from src\main\AndroidManifest.xml:26:5-78
	android:name
		ADDED from src\main\AndroidManifest.xml:26:22-75
uses-permission#android.permission.READ_SMS
ADDED from src\main\AndroidManifest.xml:27:5-67
	android:name
		ADDED from src\main\AndroidManifest.xml:27:22-64
application
ADDED from src\main\AndroidManifest.xml:29:5-263:19
MERGED from [com.github.d-max:spots-dialog:0.4] AndroidManifest.xml:12:5-20
MERGED from [com.github.d-max:spots-dialog:0.4] AndroidManifest.xml:12:5-20
MERGED from [org.xutils:xutils:3.5.0] AndroidManifest.xml:12:5-20
MERGED from [org.xutils:xutils:3.5.0] AndroidManifest.xml:12:5-20
MERGED from [de.hdodenhof:circleimageview:2.0.0] AndroidManifest.xml:9:5-20
MERGED from [de.hdodenhof:circleimageview:2.0.0] AndroidManifest.xml:9:5-20
MERGED from [com.w4lle.library:NineLayout:1.0.0] AndroidManifest.xml:11:5-14:19
MERGED from [com.w4lle.library:NineLayout:1.0.0] AndroidManifest.xml:11:5-14:19
MERGED from [:smssdk] AndroidManifest.xml:11:5-12:19
MERGED from [:smssdk] AndroidManifest.xml:11:5-12:19
MERGED from [:paysdk] AndroidManifest.xml:11:5-14:19
MERGED from [:paysdk] AndroidManifest.xml:11:5-14:19
MERGED from [:baidupay] AndroidManifest.xml:11:5-14:19
MERGED from [:baidupay] AndroidManifest.xml:11:5-14:19
MERGED from [com.android.support.constraint:constraint-layout:1.0.2] AndroidManifest.xml:9:5-20
MERGED from [com.android.support.constraint:constraint-layout:1.0.2] AndroidManifest.xml:9:5-20
	android:supportsRtl
		ADDED from src\main\AndroidManifest.xml:34:9-35
	android:label
		ADDED from src\main\AndroidManifest.xml:33:9-41
	android:icon
		ADDED from src\main\AndroidManifest.xml:32:9-43
	android:allowBackup
		ADDED from src\main\AndroidManifest.xml:31:9-35
	android:theme
		ADDED from src\main\AndroidManifest.xml:35:9-40
	android:name
		ADDED from src\main\AndroidManifest.xml:30:9-43
activity#com.kline.activity.LauncherActivity
ADDED from src\main\AndroidManifest.xml:36:9-45:20
	android:label
		ADDED from src\main\AndroidManifest.xml:38:13-45
	android:theme
		ADDED from src\main\AndroidManifest.xml:39:13-44
	android:name
		ADDED from src\main\AndroidManifest.xml:37:13-54
intent-filter#android.intent.action.MAIN+android.intent.category.LAUNCHER
ADDED from src\main\AndroidManifest.xml:40:13-44:29
action#android.intent.action.MAIN
ADDED from src\main\AndroidManifest.xml:41:17-69
	android:name
		ADDED from src\main\AndroidManifest.xml:41:25-66
category#android.intent.category.LAUNCHER
ADDED from src\main\AndroidManifest.xml:43:17-77
	android:name
		ADDED from src\main\AndroidManifest.xml:43:27-74
activity#com.mob.tools.MobUIShell
ADDED from src\main\AndroidManifest.xml:46:9-60:20
	android:screenOrientation
		ADDED from src\main\AndroidManifest.xml:49:13-49
	android:windowSoftInputMode
		ADDED from src\main\AndroidManifest.xml:51:13-67
	android:configChanges
		ADDED from src\main\AndroidManifest.xml:48:13-74
	android:theme
		ADDED from src\main\AndroidManifest.xml:50:13-72
	android:name
		ADDED from src\main\AndroidManifest.xml:47:13-52
intent-filter#android.intent.action.VIEW+android.intent.category.BROWSABLE+android.intent.category.DEFAULT
ADDED from src\main\AndroidManifest.xml:52:13-59:29
data
ADDED from src\main\AndroidManifest.xml:53:17-59
	android:scheme
		ADDED from src\main\AndroidManifest.xml:53:23-56
action#android.intent.action.VIEW
ADDED from src\main\AndroidManifest.xml:55:17-69
	android:name
		ADDED from src\main\AndroidManifest.xml:55:25-66
category#android.intent.category.BROWSABLE
ADDED from src\main\AndroidManifest.xml:57:17-78
	android:name
		ADDED from src\main\AndroidManifest.xml:57:27-75
category#android.intent.category.DEFAULT
ADDED from src\main\AndroidManifest.xml:58:17-76
	android:name
		ADDED from src\main\AndroidManifest.xml:58:27-73
activity#com.kline.activity.WareListActivity
ADDED from src\main\AndroidManifest.xml:61:9-63
	android:name
		ADDED from src\main\AndroidManifest.xml:61:19-60
activity#com.kline.activity.LoginActivity
ADDED from src\main\AndroidManifest.xml:62:9-60
	android:name
		ADDED from src\main\AndroidManifest.xml:62:19-57
activity#com.kline.activity.NewOrderActivity
ADDED from src\main\AndroidManifest.xml:63:9-63
	android:name
		ADDED from src\main\AndroidManifest.xml:63:19-60
activity#com.kline.activity.RegActivity
ADDED from src\main\AndroidManifest.xml:64:9-66:58
	android:label
		ADDED from src\main\AndroidManifest.xml:66:13-55
	android:name
		ADDED from src\main\AndroidManifest.xml:65:13-49
meta-data#mob_sms_appKey
ADDED from src\main\AndroidManifest.xml:68:9-70:44
	android:value
		ADDED from src\main\AndroidManifest.xml:70:13-41
	android:name
		ADDED from src\main\AndroidManifest.xml:69:13-42
meta-data#mob_sms_appSecrect
ADDED from src\main\AndroidManifest.xml:71:9-73:64
	android:value
		ADDED from src\main\AndroidManifest.xml:73:13-61
	android:name
		ADDED from src\main\AndroidManifest.xml:72:13-46
activity#com.kline.activity.CreateOrderActivity
ADDED from src\main\AndroidManifest.xml:75:9-66
	android:name
		ADDED from src\main\AndroidManifest.xml:75:19-63
activity#com.kline.activity.PayResultActivity
ADDED from src\main\AndroidManifest.xml:76:9-64
	android:name
		ADDED from src\main\AndroidManifest.xml:76:19-61
activity#com.kline.activity.RegSecondActivity
ADDED from src\main\AndroidManifest.xml:77:9-64
	android:name
		ADDED from src\main\AndroidManifest.xml:77:19-61
activity#com.pingplusplus.android.PaymentActivity
ADDED from src\main\AndroidManifest.xml:80:9-84:75
	android:launchMode
		ADDED from src\main\AndroidManifest.xml:83:13-43
	android:configChanges
		ADDED from src\main\AndroidManifest.xml:82:13-59
	android:theme
		ADDED from src\main\AndroidManifest.xml:84:13-72
	android:name
		ADDED from src\main\AndroidManifest.xml:81:13-68
activity-alias#com.kline.wxapi.WXPayEntryActivity
ADDED from src\main\AndroidManifest.xml:85:9-88:81
	android:exported
		ADDED from src\main\AndroidManifest.xml:87:13-36
	android:targetActivity
		ADDED from src\main\AndroidManifest.xml:88:13-78
	android:name
		ADDED from src\main\AndroidManifest.xml:86:13-53
activity#com.alipay.sdk.app.H5PayActivity
ADDED from src\main\AndroidManifest.xml:90:9-94:50
	android:screenOrientation
		ADDED from src\main\AndroidManifest.xml:94:13-47
	android:exported
		ADDED from src\main\AndroidManifest.xml:93:13-37
	android:configChanges
		ADDED from src\main\AndroidManifest.xml:92:13-74
	android:name
		ADDED from src\main\AndroidManifest.xml:91:13-60
activity#com.alipay.sdk.auth.AuthActivity
ADDED from src\main\AndroidManifest.xml:95:9-99:50
	android:screenOrientation
		ADDED from src\main\AndroidManifest.xml:99:13-47
	android:exported
		ADDED from src\main\AndroidManifest.xml:98:13-37
	android:configChanges
		ADDED from src\main\AndroidManifest.xml:97:13-74
	android:name
		ADDED from src\main\AndroidManifest.xml:96:13-60
activity#com.unionpay.uppay.PayActivity
ADDED from src\main\AndroidManifest.xml:102:9-67
	android:name
		ADDED from src\main\AndroidManifest.xml:102:19-64
activity#com.baidu.paysdk.login.LoginActivity
ADDED from src\main\AndroidManifest.xml:105:9-111:57
	android:excludeFromRecents
		ADDED from src\main\AndroidManifest.xml:108:13-46
	android:windowSoftInputMode
		ADDED from src\main\AndroidManifest.xml:111:13-54
	android:exported
		ADDED from src\main\AndroidManifest.xml:109:13-37
	android:configChanges
		ADDED from src\main\AndroidManifest.xml:107:13-85
	android:theme
		ADDED from src\main\AndroidManifest.xml:110:13-61
	android:name
		ADDED from src\main\AndroidManifest.xml:106:13-64
activity#com.baidu.paysdk.ui.WelcomeActivity
ADDED from src\main\AndroidManifest.xml:112:9-119:57
	android:screenOrientation
		ADDED from src\main\AndroidManifest.xml:117:13-49
	android:excludeFromRecents
		ADDED from src\main\AndroidManifest.xml:115:13-46
	android:windowSoftInputMode
		ADDED from src\main\AndroidManifest.xml:119:13-54
	android:exported
		ADDED from src\main\AndroidManifest.xml:116:13-67
	android:configChanges
		ADDED from src\main\AndroidManifest.xml:114:13-85
	android:theme
		ADDED from src\main\AndroidManifest.xml:118:13-61
	android:name
		ADDED from src\main\AndroidManifest.xml:113:13-63
activity#com.baidu.paysdk.ui.OrderHomeActivity
ADDED from src\main\AndroidManifest.xml:120:9-128:57
	android:screenOrientation
		ADDED from src\main\AndroidManifest.xml:126:13-49
	android:excludeFromRecents
		ADDED from src\main\AndroidManifest.xml:123:13-46
	android:hardwareAccelerated
		ADDED from src\main\AndroidManifest.xml:125:13-48
	android:windowSoftInputMode
		ADDED from src\main\AndroidManifest.xml:128:13-54
	android:exported
		ADDED from src\main\AndroidManifest.xml:124:13-67
	android:configChanges
		ADDED from src\main\AndroidManifest.xml:122:13-85
	android:theme
		ADDED from src\main\AndroidManifest.xml:127:13-53
	android:name
		ADDED from src\main\AndroidManifest.xml:121:13-65
activity#com.baidu.paysdk.ui.PayResultActivity
ADDED from src\main\AndroidManifest.xml:129:9-136:57
	android:screenOrientation
		ADDED from src\main\AndroidManifest.xml:134:13-49
	android:excludeFromRecents
		ADDED from src\main\AndroidManifest.xml:132:13-46
	android:windowSoftInputMode
		ADDED from src\main\AndroidManifest.xml:136:13-54
	android:exported
		ADDED from src\main\AndroidManifest.xml:133:13-67
	android:configChanges
		ADDED from src\main\AndroidManifest.xml:131:13-85
	android:theme
		ADDED from src\main\AndroidManifest.xml:135:13-53
	android:name
		ADDED from src\main\AndroidManifest.xml:130:13-65
activity#com.baidu.paysdk.ui.PcPwdCheckActivity
ADDED from src\main\AndroidManifest.xml:137:9-144:58
	android:screenOrientation
		ADDED from src\main\AndroidManifest.xml:142:13-49
	android:excludeFromRecents
		ADDED from src\main\AndroidManifest.xml:140:13-46
	android:windowSoftInputMode
		ADDED from src\main\AndroidManifest.xml:144:13-55
	android:exported
		ADDED from src\main\AndroidManifest.xml:141:13-67
	android:configChanges
		ADDED from src\main\AndroidManifest.xml:139:13-85
	android:theme
		ADDED from src\main\AndroidManifest.xml:143:13-53
	android:name
		ADDED from src\main\AndroidManifest.xml:138:13-66
activity#com.baidu.paysdk.ui.PwdCheckActivity
ADDED from src\main\AndroidManifest.xml:145:9-152:58
	android:screenOrientation
		ADDED from src\main\AndroidManifest.xml:150:13-49
	android:excludeFromRecents
		ADDED from src\main\AndroidManifest.xml:148:13-46
	android:windowSoftInputMode
		ADDED from src\main\AndroidManifest.xml:152:13-55
	android:exported
		ADDED from src\main\AndroidManifest.xml:149:13-67
	android:configChanges
		ADDED from src\main\AndroidManifest.xml:147:13-85
	android:theme
		ADDED from src\main\AndroidManifest.xml:151:13-53
	android:name
		ADDED from src\main\AndroidManifest.xml:146:13-64
activity#com.baidu.paysdk.ui.PwdSetAndConfirmActivity
ADDED from src\main\AndroidManifest.xml:153:9-159:58
	android:excludeFromRecents
		ADDED from src\main\AndroidManifest.xml:156:13-46
	android:windowSoftInputMode
		ADDED from src\main\AndroidManifest.xml:159:13-55
	android:exported
		ADDED from src\main\AndroidManifest.xml:157:13-67
	android:configChanges
		ADDED from src\main\AndroidManifest.xml:155:13-85
	android:theme
		ADDED from src\main\AndroidManifest.xml:158:13-53
	android:name
		ADDED from src\main\AndroidManifest.xml:154:13-72
activity#com.baidu.paysdk.ui.PwdPayActivity
ADDED from src\main\AndroidManifest.xml:160:9-167:71
	android:screenOrientation
		ADDED from src\main\AndroidManifest.xml:165:13-49
	android:excludeFromRecents
		ADDED from src\main\AndroidManifest.xml:163:13-46
	android:windowSoftInputMode
		ADDED from src\main\AndroidManifest.xml:167:13-68
	android:exported
		ADDED from src\main\AndroidManifest.xml:164:13-67
	android:configChanges
		ADDED from src\main\AndroidManifest.xml:162:13-85
	android:theme
		ADDED from src\main\AndroidManifest.xml:166:13-64
	android:name
		ADDED from src\main\AndroidManifest.xml:161:13-62
activity#com.baidu.paysdk.ui.PwdPaySmsActivity
ADDED from src\main\AndroidManifest.xml:168:9-175:57
	android:screenOrientation
		ADDED from src\main\AndroidManifest.xml:173:13-49
	android:excludeFromRecents
		ADDED from src\main\AndroidManifest.xml:171:13-46
	android:windowSoftInputMode
		ADDED from src\main\AndroidManifest.xml:175:13-54
	android:exported
		ADDED from src\main\AndroidManifest.xml:172:13-67
	android:configChanges
		ADDED from src\main\AndroidManifest.xml:170:13-85
	android:theme
		ADDED from src\main\AndroidManifest.xml:174:13-64
	android:name
		ADDED from src\main\AndroidManifest.xml:169:13-65
activity#com.baidu.paysdk.ui.WebViewActivity
ADDED from src\main\AndroidManifest.xml:176:9-183:57
	android:screenOrientation
		ADDED from src\main\AndroidManifest.xml:181:13-49
	android:excludeFromRecents
		ADDED from src\main\AndroidManifest.xml:179:13-46
	android:windowSoftInputMode
		ADDED from src\main\AndroidManifest.xml:183:13-54
	android:exported
		ADDED from src\main\AndroidManifest.xml:180:13-67
	android:configChanges
		ADDED from src\main\AndroidManifest.xml:178:13-85
	android:theme
		ADDED from src\main\AndroidManifest.xml:182:13-53
	android:name
		ADDED from src\main\AndroidManifest.xml:177:13-63
activity#com.baidu.paysdk.ui.BindCardNoActivity
ADDED from src\main\AndroidManifest.xml:184:9-192:57
	android:screenOrientation
		ADDED from src\main\AndroidManifest.xml:190:13-49
	android:excludeFromRecents
		ADDED from src\main\AndroidManifest.xml:187:13-46
	android:launchMode
		ADDED from src\main\AndroidManifest.xml:189:13-44
	android:windowSoftInputMode
		ADDED from src\main\AndroidManifest.xml:192:13-54
	android:exported
		ADDED from src\main\AndroidManifest.xml:188:13-67
	android:configChanges
		ADDED from src\main\AndroidManifest.xml:186:13-85
	android:theme
		ADDED from src\main\AndroidManifest.xml:191:13-53
	android:name
		ADDED from src\main\AndroidManifest.xml:185:13-66
activity#com.baidu.paysdk.ui.BindCardDetailActivity
ADDED from src\main\AndroidManifest.xml:193:9-201:68
	android:screenOrientation
		ADDED from src\main\AndroidManifest.xml:199:13-49
	android:excludeFromRecents
		ADDED from src\main\AndroidManifest.xml:196:13-46
	android:launchMode
		ADDED from src\main\AndroidManifest.xml:198:13-44
	android:windowSoftInputMode
		ADDED from src\main\AndroidManifest.xml:201:13-65
	android:exported
		ADDED from src\main\AndroidManifest.xml:197:13-67
	android:configChanges
		ADDED from src\main\AndroidManifest.xml:195:13-85
	android:theme
		ADDED from src\main\AndroidManifest.xml:200:13-53
	android:name
		ADDED from src\main\AndroidManifest.xml:194:13-70
activity#com.baidu.paysdk.ui.BindCardDetailCredit2Activity
ADDED from src\main\AndroidManifest.xml:202:9-210:68
	android:screenOrientation
		ADDED from src\main\AndroidManifest.xml:208:13-49
	android:excludeFromRecents
		ADDED from src\main\AndroidManifest.xml:205:13-46
	android:launchMode
		ADDED from src\main\AndroidManifest.xml:207:13-44
	android:windowSoftInputMode
		ADDED from src\main\AndroidManifest.xml:210:13-65
	android:exported
		ADDED from src\main\AndroidManifest.xml:206:13-67
	android:configChanges
		ADDED from src\main\AndroidManifest.xml:204:13-85
	android:theme
		ADDED from src\main\AndroidManifest.xml:209:13-53
	android:name
		ADDED from src\main\AndroidManifest.xml:203:13-77
activity#com.baidu.paysdk.ui.BindCardDetailCreditActivity
ADDED from src\main\AndroidManifest.xml:211:9-219:68
	android:screenOrientation
		ADDED from src\main\AndroidManifest.xml:217:13-49
	android:excludeFromRecents
		ADDED from src\main\AndroidManifest.xml:214:13-46
	android:launchMode
		ADDED from src\main\AndroidManifest.xml:216:13-44
	android:windowSoftInputMode
		ADDED from src\main\AndroidManifest.xml:219:13-65
	android:exported
		ADDED from src\main\AndroidManifest.xml:215:13-67
	android:configChanges
		ADDED from src\main\AndroidManifest.xml:213:13-85
	android:theme
		ADDED from src\main\AndroidManifest.xml:218:13-53
	android:name
		ADDED from src\main\AndroidManifest.xml:212:13-76
activity#com.baidu.paysdk.ui.BindSmsActivity
ADDED from src\main\AndroidManifest.xml:220:9-227:58
	android:screenOrientation
		ADDED from src\main\AndroidManifest.xml:225:13-49
	android:excludeFromRecents
		ADDED from src\main\AndroidManifest.xml:223:13-46
	android:windowSoftInputMode
		ADDED from src\main\AndroidManifest.xml:227:13-55
	android:exported
		ADDED from src\main\AndroidManifest.xml:224:13-67
	android:configChanges
		ADDED from src\main\AndroidManifest.xml:222:13-85
	android:theme
		ADDED from src\main\AndroidManifest.xml:226:13-53
	android:name
		ADDED from src\main\AndroidManifest.xml:221:13-63
activity#com.baidu.paysdk.ui.SelectBindCardActivity
ADDED from src\main\AndroidManifest.xml:228:9-235:57
	android:screenOrientation
		ADDED from src\main\AndroidManifest.xml:233:13-49
	android:excludeFromRecents
		ADDED from src\main\AndroidManifest.xml:231:13-46
	android:windowSoftInputMode
		ADDED from src\main\AndroidManifest.xml:235:13-54
	android:exported
		ADDED from src\main\AndroidManifest.xml:232:13-67
	android:configChanges
		ADDED from src\main\AndroidManifest.xml:230:13-85
	android:theme
		ADDED from src\main\AndroidManifest.xml:234:13-53
	android:name
		ADDED from src\main\AndroidManifest.xml:229:13-70
activity#com.baidu.paysdk.ui.SignChannelListActivity
ADDED from src\main\AndroidManifest.xml:236:9-243:57
	android:excludeFromRecents
		ADDED from src\main\AndroidManifest.xml:239:13-46
	android:hardwareAccelerated
		ADDED from src\main\AndroidManifest.xml:241:13-48
	android:windowSoftInputMode
		ADDED from src\main\AndroidManifest.xml:243:13-54
	android:exported
		ADDED from src\main\AndroidManifest.xml:240:13-67
	android:configChanges
		ADDED from src\main\AndroidManifest.xml:238:13-85
	android:theme
		ADDED from src\main\AndroidManifest.xml:242:13-53
	android:name
		ADDED from src\main\AndroidManifest.xml:237:13-71
activity#com.kline.activity.AddressAddActivity
ADDED from src\main\AndroidManifest.xml:244:9-246:66
	android:label
		ADDED from src\main\AndroidManifest.xml:246:13-63
	android:name
		ADDED from src\main\AndroidManifest.xml:245:13-56
activity#com.kline.activity.AddressListActivity
ADDED from src\main\AndroidManifest.xml:247:9-249:67
	android:label
		ADDED from src\main\AndroidManifest.xml:249:13-64
	android:name
		ADDED from src\main\AndroidManifest.xml:248:13-57
activity#com.kline.activity.MyOrderActivity
ADDED from src\main\AndroidManifest.xml:250:9-252:63
	android:label
		ADDED from src\main\AndroidManifest.xml:252:13-60
	android:name
		ADDED from src\main\AndroidManifest.xml:251:13-53
activity#com.kline.activity.MyFavoriteActivity
ADDED from src\main\AndroidManifest.xml:253:9-255:66
	android:label
		ADDED from src\main\AndroidManifest.xml:255:13-63
	android:name
		ADDED from src\main\AndroidManifest.xml:254:13-56
activity#com.kline.activity.OrderDetailActivity
ADDED from src\main\AndroidManifest.xml:256:9-258:67
	android:label
		ADDED from src\main\AndroidManifest.xml:258:13-64
	android:name
		ADDED from src\main\AndroidManifest.xml:257:13-57
activity#com.kline.activity.MainActivity
ADDED from src\main\AndroidManifest.xml:260:9-59
	android:name
		ADDED from src\main\AndroidManifest.xml:260:19-56
activity#com.kline.activity.StockSearchActivity
ADDED from src\main\AndroidManifest.xml:261:9-75
	android:name
		ADDED from src\main\AndroidManifest.xml:261:19-63
uses-sdk
INJECTED from src\main\AndroidManifest.xml reason: use-sdk injection requested
INJECTED from src\main\AndroidManifest.xml
INJECTED from src\main\AndroidManifest.xml
MERGED from [com.android.support:design:27.0.2] AndroidManifest.xml:20:5-44
MERGED from [com.android.support:design:27.0.2] AndroidManifest.xml:20:5-44
MERGED from [com.cjj.materialrefeshlayout:library:1.3.0] AndroidManifest.xml:7:5-9:41
MERGED from [com.cjj.materialrefeshlayout:library:1.3.0] AndroidManifest.xml:7:5-9:41
MERGED from [com.facebook.fresco:fresco:0.9.0] AndroidManifest.xml:5:5-7:41
MERGED from [com.facebook.fresco:fresco:0.9.0] AndroidManifest.xml:5:5-7:41
MERGED from [com.facebook.fresco:drawee:0.9.0] AndroidManifest.xml:5:5-7:41
MERGED from [com.facebook.fresco:drawee:0.9.0] AndroidManifest.xml:5:5-7:41
MERGED from [com.facebook.fresco:imagepipeline:0.9.0] AndroidManifest.xml:5:5-7:41
MERGED from [com.facebook.fresco:imagepipeline:0.9.0] AndroidManifest.xml:5:5-7:41
MERGED from [com.facebook.fresco:imagepipeline-base:0.9.0] AndroidManifest.xml:5:5-7:41
MERGED from [com.facebook.fresco:imagepipeline-base:0.9.0] AndroidManifest.xml:5:5-7:41
MERGED from [com.android.support:support-v4:27.0.2] AndroidManifest.xml:20:5-44
MERGED from [com.android.support:support-v4:27.0.2] AndroidManifest.xml:20:5-44
MERGED from [com.daimajia.slider:library:1.1.5] AndroidManifest.xml:7:5-9:41
MERGED from [com.daimajia.slider:library:1.1.5] AndroidManifest.xml:7:5-9:41
MERGED from [com.android.support:recyclerview-v7:27.0.2] AndroidManifest.xml:20:5-44
MERGED from [com.android.support:recyclerview-v7:27.0.2] AndroidManifest.xml:20:5-44
MERGED from [com.android.support:cardview-v7:27.0.2] AndroidManifest.xml:20:5-44
MERGED from [com.android.support:cardview-v7:27.0.2] AndroidManifest.xml:20:5-44
MERGED from [com.github.d-max:spots-dialog:0.4] AndroidManifest.xml:8:5-10:41
MERGED from [com.github.d-max:spots-dialog:0.4] AndroidManifest.xml:8:5-10:41
MERGED from [org.xutils:xutils:3.5.0] AndroidManifest.xml:8:5-10:41
MERGED from [org.xutils:xutils:3.5.0] AndroidManifest.xml:8:5-10:41
MERGED from [de.hdodenhof:circleimageview:2.0.0] AndroidManifest.xml:5:5-7:41
MERGED from [de.hdodenhof:circleimageview:2.0.0] AndroidManifest.xml:5:5-7:41
MERGED from [com.bigkoo:pickerview:2.0.8] AndroidManifest.xml:7:5-9:41
MERGED from [com.bigkoo:pickerview:2.0.8] AndroidManifest.xml:7:5-9:41
MERGED from [com.w4lle.library:NineLayout:1.0.0] AndroidManifest.xml:7:5-9:41
MERGED from [com.w4lle.library:NineLayout:1.0.0] AndroidManifest.xml:7:5-9:41
MERGED from [:smssdk] AndroidManifest.xml:7:5-9:41
MERGED from [:smssdk] AndroidManifest.xml:7:5-9:41
MERGED from [:paysdk] AndroidManifest.xml:7:5-9:41
MERGED from [:paysdk] AndroidManifest.xml:7:5-9:41
MERGED from [:baidupay] AndroidManifest.xml:7:5-9:41
MERGED from [:baidupay] AndroidManifest.xml:7:5-9:41
MERGED from [com.android.support.constraint:constraint-layout:1.0.2] AndroidManifest.xml:5:5-7:41
MERGED from [com.android.support.constraint:constraint-layout:1.0.2] AndroidManifest.xml:5:5-7:41
MERGED from [com.android.support:appcompat-v7:27.0.2] AndroidManifest.xml:20:5-44
MERGED from [com.android.support:appcompat-v7:27.0.2] AndroidManifest.xml:20:5-44
MERGED from [com.android.support:transition:27.0.2] AndroidManifest.xml:20:5-44
MERGED from [com.android.support:transition:27.0.2] AndroidManifest.xml:20:5-44
MERGED from [com.android.support:support-fragment:27.0.2] AndroidManifest.xml:20:5-44
MERGED from [com.android.support:support-fragment:27.0.2] AndroidManifest.xml:20:5-44
MERGED from [com.android.support:animated-vector-drawable:27.0.2] AndroidManifest.xml:20:5-44
MERGED from [com.android.support:animated-vector-drawable:27.0.2] AndroidManifest.xml:20:5-44
MERGED from [com.android.support:support-core-ui:27.0.2] AndroidManifest.xml:20:5-44
MERGED from [com.android.support:support-core-ui:27.0.2] AndroidManifest.xml:20:5-44
MERGED from [com.android.support:support-core-utils:27.0.2] AndroidManifest.xml:20:5-44
MERGED from [com.android.support:support-core-utils:27.0.2] AndroidManifest.xml:20:5-44
MERGED from [com.android.support:support-vector-drawable:27.0.2] AndroidManifest.xml:20:5-44
MERGED from [com.android.support:support-vector-drawable:27.0.2] AndroidManifest.xml:20:5-44
MERGED from [com.android.support:support-media-compat:27.0.2] AndroidManifest.xml:20:5-44
MERGED from [com.android.support:support-media-compat:27.0.2] AndroidManifest.xml:20:5-44
MERGED from [com.android.support:support-compat:27.0.2] AndroidManifest.xml:20:5-44
MERGED from [com.android.support:support-compat:27.0.2] AndroidManifest.xml:20:5-44